11:20:57 **** Incremental Build of configuration Debug for project EjercicioClase3 ****
Info: Internal Builder is used for build
gcc -O0 -g3 -Wall -c -fmessage-length=0 -o EjercicioClase3.o "..\\EjercicioClase3.c" 
..\EjercicioClase3.c: In function 'main':
..\EjercicioClase3.c:20:11: warning: format '%c' expects argument of type 'int', but argument 2 has type 'double **' [-Wformat=]
  printf("%c\n", &p1);
           ^
gcc -o EjercicioClase3.exe EjercicioClase3.o 
Info: Nothing to build for EjercicioClase
11:21:40 **** Incremental Build of configuration Debug for project EjercicioClase3 ****
Info: Internal Builder is used for build
gcc -O0 -g3 -Wall -c -fmessage-length=0 -o EjercicioClase3.o "..\\EjercicioClase3.c" 
gcc -o EjercicioClase3.exe EjercicioClase3.o 
11:34:37 **** Incremental Build of configuration Debug for project EjercicioClase3 ****
Info: Internal Builder is used for build
gcc -O0 -g3 -Wall -c -fmessage-length=0 -o EjercicioClase3.o "..\\EjercicioClase3.c" 
..\EjercicioClase3.c:41:7: warning: 'length' defined but not used [-Wunused-function]
  void length(int arr[]){
       ^~~~~~
gcc -o EjercicioClase3.exe EjercicioClase3.o 
